{"/Users/paulocalixto/Documents/Projetos/bexs-front-end-exam/test/src/components/atoms/BaseBackButton/BaseBackButton.vue": {"path":"/Users/paulocalixto/Documents/Projetos/bexs-front-end-exam/test/src/components/atoms/BaseBackButton/BaseBackButton.vue","statementMap":{"0":{"start":{"line":22,"column":0},"end":{"line":22,"column":null}},"1":{"start":{"line":36,"column":0},"end":{"line":36,"column":null}},"2":{"start":{"line":44,"column":0},"end":{"line":44,"column":null}}},"fnMap":{"0":{"name":"(anonymous_1)","decl":{"start":{"line":22,"column":0},"end":{"line":22,"column":null}},"loc":{"start":{"line":22,"column":0},"end":{"line":22,"column":null}}},"1":{"name":"(anonymous_2)","decl":{"start":{"line":35,"column":0},"end":{"line":35,"column":null}},"loc":{"start":{"line":35,"column":0},"end":{"line":39,"column":null}}},"2":{"name":"(anonymous_3)","decl":{"start":{"line":43,"column":0},"end":{"line":43,"column":null}},"loc":{"start":{"line":43,"column":0},"end":{"line":45,"column":null}}}},"branchMap":{},"s":{"0":3,"1":1,"2":1},"f":{"0":3,"1":1,"2":1},"b":{}}
,"/Users/paulocalixto/Documents/Projetos/bexs-front-end-exam/test/src/components/atoms/BaseButton/BaseButton.vue": {"path":"/Users/paulocalixto/Documents/Projetos/bexs-front-end-exam/test/src/components/atoms/BaseButton/BaseButton.vue","statementMap":{"0":{"start":{"line":23,"column":0},"end":{"line":23,"column":null}},"1":{"start":{"line":37,"column":0},"end":{"line":37,"column":null}}},"fnMap":{"0":{"name":"(anonymous_1)","decl":{"start":{"line":23,"column":0},"end":{"line":23,"column":null}},"loc":{"start":{"line":23,"column":0},"end":{"line":23,"column":null}}},"1":{"name":"(anonymous_2)","decl":{"start":{"line":36,"column":0},"end":{"line":36,"column":null}},"loc":{"start":{"line":36,"column":0},"end":{"line":38,"column":null}}}},"branchMap":{},"s":{"0":4,"1":1},"f":{"0":4,"1":1},"b":{}}
,"/Users/paulocalixto/Documents/Projetos/bexs-front-end-exam/test/src/components/atoms/BaseCreditCard/BaseCreditCard.vue": {"path":"/Users/paulocalixto/Documents/Projetos/bexs-front-end-exam/test/src/components/atoms/BaseCreditCard/BaseCreditCard.vue","statementMap":{"0":{"start":{"line":37,"column":0},"end":{"line":37,"column":null}},"1":{"start":{"line":38,"column":0},"end":{"line":38,"column":null}},"2":{"start":{"line":39,"column":0},"end":{"line":39,"column":null}},"3":{"start":{"line":40,"column":0},"end":{"line":40,"column":null}},"4":{"start":{"line":67,"column":0},"end":{"line":67,"column":null}},"5":{"start":{"line":74,"column":0},"end":{"line":74,"column":null}},"6":{"start":{"line":77,"column":0},"end":{"line":77,"column":null}},"7":{"start":{"line":80,"column":0},"end":{"line":80,"column":null}},"8":{"start":{"line":83,"column":0},"end":{"line":83,"column":null}},"9":{"start":{"line":88,"column":0},"end":{"line":88,"column":null}},"10":{"start":{"line":91,"column":0},"end":{"line":91,"column":null}},"11":{"start":{"line":96,"column":0},"end":{"line":96,"column":null}},"12":{"start":{"line":97,"column":0},"end":{"line":97,"column":null}},"13":{"start":{"line":100,"column":0},"end":{"line":100,"column":null}},"14":{"start":{"line":103,"column":0},"end":{"line":103,"column":null}},"15":{"start":{"line":105,"column":0},"end":{"line":105,"column":null}},"16":{"start":{"line":107,"column":0},"end":{"line":107,"column":null}},"17":{"start":{"line":108,"column":0},"end":{"line":108,"column":null}},"18":{"start":{"line":109,"column":0},"end":{"line":109,"column":null}},"19":{"start":{"line":110,"column":0},"end":{"line":110,"column":null}},"20":{"start":{"line":112,"column":0},"end":{"line":112,"column":null}},"21":{"start":{"line":115,"column":0},"end":{"line":115,"column":null}},"22":{"start":{"line":117,"column":0},"end":{"line":117,"column":null}},"23":{"start":{"line":119,"column":0},"end":{"line":119,"column":null}},"24":{"start":{"line":121,"column":0},"end":{"line":121,"column":null}},"25":{"start":{"line":124,"column":0},"end":{"line":124,"column":null}},"26":{"start":{"line":128,"column":0},"end":{"line":128,"column":null}},"27":{"start":{"line":132,"column":0},"end":{"line":132,"column":null}},"28":{"start":{"line":140,"column":0},"end":{"line":140,"column":null}},"29":{"start":{"line":143,"column":0},"end":{"line":143,"column":null}},"30":{"start":{"line":146,"column":0},"end":{"line":161,"column":null}},"31":{"start":{"line":147,"column":0},"end":{"line":147,"column":null}},"32":{"start":{"line":163,"column":0},"end":{"line":163,"column":null}}},"fnMap":{"0":{"name":"(anonymous_1)","decl":{"start":{"line":66,"column":0},"end":{"line":66,"column":null}},"loc":{"start":{"line":66,"column":0},"end":{"line":71,"column":null}}},"1":{"name":"(anonymous_2)","decl":{"start":{"line":73,"column":0},"end":{"line":73,"column":null}},"loc":{"start":{"line":73,"column":0},"end":{"line":75,"column":null}}},"2":{"name":"(anonymous_3)","decl":{"start":{"line":76,"column":0},"end":{"line":76,"column":null}},"loc":{"start":{"line":76,"column":0},"end":{"line":78,"column":null}}},"3":{"name":"(anonymous_4)","decl":{"start":{"line":79,"column":0},"end":{"line":79,"column":null}},"loc":{"start":{"line":79,"column":0},"end":{"line":81,"column":null}}},"4":{"name":"(anonymous_5)","decl":{"start":{"line":82,"column":0},"end":{"line":82,"column":null}},"loc":{"start":{"line":82,"column":0},"end":{"line":84,"column":null}}},"5":{"name":"(anonymous_6)","decl":{"start":{"line":87,"column":0},"end":{"line":87,"column":null}},"loc":{"start":{"line":87,"column":0},"end":{"line":89,"column":null}}},"6":{"name":"(anonymous_7)","decl":{"start":{"line":90,"column":0},"end":{"line":90,"column":null}},"loc":{"start":{"line":90,"column":0},"end":{"line":94,"column":null}}},"7":{"name":"(anonymous_8)","decl":{"start":{"line":95,"column":0},"end":{"line":95,"column":null}},"loc":{"start":{"line":95,"column":0},"end":{"line":98,"column":null}}},"8":{"name":"(anonymous_9)","decl":{"start":{"line":99,"column":0},"end":{"line":99,"column":null}},"loc":{"start":{"line":99,"column":0},"end":{"line":101,"column":null}}},"9":{"name":"(anonymous_10)","decl":{"start":{"line":102,"column":0},"end":{"line":102,"column":null}},"loc":{"start":{"line":102,"column":0},"end":{"line":113,"column":null}}},"10":{"name":"(anonymous_11)","decl":{"start":{"line":114,"column":0},"end":{"line":114,"column":null}},"loc":{"start":{"line":114,"column":0},"end":{"line":122,"column":null}}},"11":{"name":"(anonymous_12)","decl":{"start":{"line":123,"column":0},"end":{"line":123,"column":null}},"loc":{"start":{"line":123,"column":0},"end":{"line":125,"column":null}}},"12":{"name":"(anonymous_13)","decl":{"start":{"line":127,"column":0},"end":{"line":127,"column":null}},"loc":{"start":{"line":127,"column":0},"end":{"line":129,"column":null}}},"13":{"name":"(anonymous_14)","decl":{"start":{"line":131,"column":0},"end":{"line":131,"column":null}},"loc":{"start":{"line":131,"column":0},"end":{"line":138,"column":null}}},"14":{"name":"(anonymous_15)","decl":{"start":{"line":139,"column":0},"end":{"line":139,"column":null}},"loc":{"start":{"line":139,"column":0},"end":{"line":141,"column":null}}},"15":{"name":"(anonymous_16)","decl":{"start":{"line":142,"column":0},"end":{"line":142,"column":null}},"loc":{"start":{"line":142,"column":0},"end":{"line":144,"column":null}}},"16":{"name":"(anonymous_17)","decl":{"start":{"line":145,"column":0},"end":{"line":145,"column":null}},"loc":{"start":{"line":145,"column":0},"end":{"line":164,"column":null}}},"17":{"name":"(anonymous_18)","decl":{"start":{"line":146,"column":0},"end":{"line":146,"column":null}},"loc":{"start":{"line":146,"column":0},"end":{"line":161,"column":null}}}},"branchMap":{"0":{"loc":{"start":{"line":91,"column":0},"end":{"line":91,"column":null}},"type":"cond-expr","locations":[{"start":{"line":91,"column":0},"end":{"line":91,"column":null}},{"start":{"line":91,"column":0},"end":{"line":91,"column":null}}]},"1":{"loc":{"start":{"line":103,"column":0},"end":{"line":103,"column":null}},"type":"if","locations":[{"start":{"line":103,"column":0},"end":{"line":103,"column":null}},{"start":{"line":103,"column":0},"end":{"line":103,"column":null}}]},"2":{"loc":{"start":{"line":115,"column":0},"end":{"line":115,"column":null}},"type":"if","locations":[{"start":{"line":115,"column":0},"end":{"line":115,"column":null}},{"start":{"line":115,"column":0},"end":{"line":115,"column":null}}]},"3":{"loc":{"start":{"line":135,"column":0},"end":{"line":135,"column":null}},"type":"cond-expr","locations":[{"start":{"line":135,"column":0},"end":{"line":135,"column":null}},{"start":{"line":135,"column":0},"end":{"line":135,"column":null}}]},"4":{"loc":{"start":{"line":142,"column":0},"end":{"line":142,"column":null}},"type":"default-arg","locations":[{"start":{"line":142,"column":0},"end":{"line":142,"column":null}}]}},"s":{"0":3,"1":3,"2":3,"3":3,"4":14,"5":1,"6":2,"7":1,"8":2,"9":15,"10":16,"11":15,"12":15,"13":1,"14":30,"15":2,"16":2,"17":2,"18":2,"19":2,"20":2,"21":30,"22":2,"23":2,"24":2,"25":1,"26":14,"27":16,"28":14,"29":48,"30":4,"31":4,"32":4},"f":{"0":14,"1":1,"2":2,"3":1,"4":2,"5":15,"6":16,"7":15,"8":1,"9":16,"10":16,"11":1,"12":14,"13":16,"14":14,"15":48,"16":4,"17":4},"b":{"0":[1,15],"1":[14,2],"2":[14,2],"3":[15,1],"4":[20]}}
,"/Users/paulocalixto/Documents/Projetos/bexs-front-end-exam/test/src/components/atoms/BaseHeading/BaseHeading.vue": {"path":"/Users/paulocalixto/Documents/Projetos/bexs-front-end-exam/test/src/components/atoms/BaseHeading/BaseHeading.vue","statementMap":{"0":{"start":{"line":25,"column":0},"end":{"line":25,"column":null}}},"fnMap":{"0":{"name":"(anonymous_1)","decl":{"start":{"line":24,"column":0},"end":{"line":24,"column":null}},"loc":{"start":{"line":24,"column":0},"end":{"line":26,"column":null}}}},"branchMap":{},"s":{"0":1},"f":{"0":1},"b":{}}
,"/Users/paulocalixto/Documents/Projetos/bexs-front-end-exam/test/src/components/atoms/BaseSelect/BaseSelect.vue": {"path":"/Users/paulocalixto/Documents/Projetos/bexs-front-end-exam/test/src/components/atoms/BaseSelect/BaseSelect.vue","statementMap":{"0":{"start":{"line":53,"column":0},"end":{"line":53,"column":null}},"1":{"start":{"line":65,"column":0},"end":{"line":71,"column":null}},"2":{"start":{"line":67,"column":0},"end":{"line":67,"column":null}},"3":{"start":{"line":87,"column":0},"end":{"line":87,"column":null}},"4":{"start":{"line":99,"column":0},"end":{"line":99,"column":null}},"5":{"start":{"line":103,"column":0},"end":{"line":103,"column":null}},"6":{"start":{"line":109,"column":0},"end":{"line":110,"column":null}},"7":{"start":{"line":116,"column":0},"end":{"line":116,"column":null}},"8":{"start":{"line":117,"column":0},"end":{"line":117,"column":null}},"9":{"start":{"line":121,"column":0},"end":{"line":121,"column":null}},"10":{"start":{"line":122,"column":0},"end":{"line":122,"column":null}},"11":{"start":{"line":123,"column":0},"end":{"line":123,"column":null}},"12":{"start":{"line":124,"column":0},"end":{"line":124,"column":null}},"13":{"start":{"line":128,"column":0},"end":{"line":128,"column":null}},"14":{"start":{"line":129,"column":0},"end":{"line":129,"column":null}},"15":{"start":{"line":130,"column":0},"end":{"line":130,"column":null}},"16":{"start":{"line":134,"column":0},"end":{"line":134,"column":null}},"17":{"start":{"line":136,"column":0},"end":{"line":136,"column":null}},"18":{"start":{"line":137,"column":0},"end":{"line":137,"column":null}},"19":{"start":{"line":138,"column":0},"end":{"line":138,"column":null}}},"fnMap":{"0":{"name":"(anonymous_1)","decl":{"start":{"line":65,"column":0},"end":{"line":65,"column":null}},"loc":{"start":{"line":65,"column":0},"end":{"line":71,"column":null}}},"1":{"name":"(anonymous_3)","decl":{"start":{"line":86,"column":0},"end":{"line":86,"column":null}},"loc":{"start":{"line":86,"column":0},"end":{"line":92,"column":null}}},"2":{"name":"(anonymous_4)","decl":{"start":{"line":98,"column":0},"end":{"line":98,"column":null}},"loc":{"start":{"line":98,"column":0},"end":{"line":100,"column":null}}},"3":{"name":"(anonymous_5)","decl":{"start":{"line":102,"column":0},"end":{"line":102,"column":null}},"loc":{"start":{"line":102,"column":0},"end":{"line":104,"column":null}}},"4":{"name":"(anonymous_6)","decl":{"start":{"line":108,"column":0},"end":{"line":108,"column":null}},"loc":{"start":{"line":108,"column":0},"end":{"line":111,"column":null}}},"5":{"name":"(anonymous_7)","decl":{"start":{"line":115,"column":0},"end":{"line":115,"column":null}},"loc":{"start":{"line":115,"column":0},"end":{"line":118,"column":null}}},"6":{"name":"(anonymous_8)","decl":{"start":{"line":120,"column":0},"end":{"line":120,"column":null}},"loc":{"start":{"line":120,"column":0},"end":{"line":125,"column":null}}},"7":{"name":"(anonymous_9)","decl":{"start":{"line":127,"column":0},"end":{"line":127,"column":null}},"loc":{"start":{"line":127,"column":0},"end":{"line":131,"column":null}}},"8":{"name":"(anonymous_10)","decl":{"start":{"line":133,"column":0},"end":{"line":133,"column":null}},"loc":{"start":{"line":133,"column":0},"end":{"line":139,"column":null}}}},"branchMap":{"0":{"loc":{"start":{"line":67,"column":0},"end":{"line":67,"column":null}},"type":"binary-expr","locations":[{"start":{"line":67,"column":0},"end":{"line":67,"column":null}},{"start":{"line":67,"column":0},"end":{"line":67,"column":null}}]},"1":{"loc":{"start":{"line":103,"column":0},"end":{"line":103,"column":null}},"type":"binary-expr","locations":[{"start":{"line":103,"column":0},"end":{"line":103,"column":null}},{"start":{"line":103,"column":0},"end":{"line":103,"column":null}}]},"2":{"loc":{"start":{"line":109,"column":0},"end":{"line":110,"column":null}},"type":"if","locations":[{"start":{"line":109,"column":0},"end":{"line":110,"column":null}},{"start":{"line":109,"column":0},"end":{"line":110,"column":null}}]},"3":{"loc":{"start":{"line":109,"column":0},"end":{"line":109,"column":null}},"type":"binary-expr","locations":[{"start":{"line":109,"column":0},"end":{"line":109,"column":null}},{"start":{"line":109,"column":0},"end":{"line":109,"column":null}}]},"4":{"loc":{"start":{"line":116,"column":0},"end":{"line":116,"column":null}},"type":"if","locations":[{"start":{"line":116,"column":0},"end":{"line":116,"column":null}},{"start":{"line":116,"column":0},"end":{"line":116,"column":null}}]},"5":{"loc":{"start":{"line":117,"column":0},"end":{"line":117,"column":null}},"type":"cond-expr","locations":[{"start":{"line":117,"column":0},"end":{"line":117,"column":null}},{"start":{"line":117,"column":0},"end":{"line":117,"column":null}}]},"6":{"loc":{"start":{"line":134,"column":0},"end":{"line":134,"column":null}},"type":"if","locations":[{"start":{"line":134,"column":0},"end":{"line":134,"column":null}},{"start":{"line":134,"column":0},"end":{"line":134,"column":null}}]}},"s":{"0":3,"1":2,"2":8,"3":2,"4":2,"5":7,"6":5,"7":5,"8":3,"9":3,"10":3,"11":3,"12":3,"13":3,"14":3,"15":3,"16":5,"17":1,"18":1,"19":1},"f":{"0":10,"1":2,"2":2,"3":7,"4":4,"5":4,"6":3,"7":3,"8":3},"b":{"0":[8,8],"1":[7,2],"2":[1,3],"3":[4,3],"4":[1,3],"5":[1,2],"6":[2,1]}}
,"/Users/paulocalixto/Documents/Projetos/bexs-front-end-exam/test/src/components/atoms/BaseSteps/BaseSteps.vue": {"path":"/Users/paulocalixto/Documents/Projetos/bexs-front-end-exam/test/src/components/atoms/BaseSteps/BaseSteps.vue","statementMap":{"0":{"start":{"line":29,"column":0},"end":{"line":29,"column":null}},"1":{"start":{"line":32,"column":0},"end":{"line":32,"column":null}}},"fnMap":{"0":{"name":"(anonymous_1)","decl":{"start":{"line":28,"column":0},"end":{"line":28,"column":null}},"loc":{"start":{"line":28,"column":0},"end":{"line":30,"column":null}}},"1":{"name":"(anonymous_2)","decl":{"start":{"line":29,"column":0},"end":{"line":29,"column":null}},"loc":{"start":{"line":29,"column":0},"end":{"line":29,"column":null}}},"2":{"name":"(anonymous_3)","decl":{"start":{"line":31,"column":0},"end":{"line":31,"column":null}},"loc":{"start":{"line":31,"column":0},"end":{"line":33,"column":null}}}},"branchMap":{},"s":{"0":4,"1":1},"f":{"0":1,"1":3,"2":1},"b":{}}
,"/Users/paulocalixto/Documents/Projetos/bexs-front-end-exam/test/src/components/molecules/DynamicForm/DynamicForm.vue": {"path":"/Users/paulocalixto/Documents/Projetos/bexs-front-end-exam/test/src/components/molecules/DynamicForm/DynamicForm.vue","statementMap":{"0":{"start":{"line":30,"column":0},"end":{"line":30,"column":null}},"1":{"start":{"line":31,"column":0},"end":{"line":31,"column":null}},"2":{"start":{"line":32,"column":0},"end":{"line":32,"column":null}},"3":{"start":{"line":50,"column":0},"end":{"line":56,"column":null}},"4":{"start":{"line":52,"column":0},"end":{"line":52,"column":null}},"5":{"start":{"line":66,"column":0},"end":{"line":66,"column":null}},"6":{"start":{"line":72,"column":0},"end":{"line":72,"column":null}},"7":{"start":{"line":77,"column":0},"end":{"line":77,"column":null}},"8":{"start":{"line":78,"column":0},"end":{"line":78,"column":null}},"9":{"start":{"line":82,"column":0},"end":{"line":82,"column":null}},"10":{"start":{"line":86,"column":0},"end":{"line":86,"column":null}},"11":{"start":{"line":94,"column":0},"end":{"line":96,"column":null}},"12":{"start":{"line":95,"column":0},"end":{"line":95,"column":null}},"13":{"start":{"line":100,"column":0},"end":{"line":100,"column":null}},"14":{"start":{"line":102,"column":0},"end":{"line":102,"column":null}},"15":{"start":{"line":103,"column":0},"end":{"line":103,"column":null}},"16":{"start":{"line":105,"column":0},"end":{"line":105,"column":null}},"17":{"start":{"line":106,"column":0},"end":{"line":110,"column":null}},"18":{"start":{"line":107,"column":0},"end":{"line":107,"column":null}},"19":{"start":{"line":109,"column":0},"end":{"line":109,"column":null}},"20":{"start":{"line":114,"column":0},"end":{"line":117,"column":null}},"21":{"start":{"line":115,"column":0},"end":{"line":115,"column":null}},"22":{"start":{"line":116,"column":0},"end":{"line":116,"column":null}},"23":{"start":{"line":121,"column":0},"end":{"line":121,"column":null}},"24":{"start":{"line":124,"column":0},"end":{"line":124,"column":null}},"25":{"start":{"line":128,"column":0},"end":{"line":128,"column":null}},"26":{"start":{"line":129,"column":0},"end":{"line":133,"column":null}},"27":{"start":{"line":130,"column":0},"end":{"line":132,"column":null}},"28":{"start":{"line":131,"column":0},"end":{"line":131,"column":null}},"29":{"start":{"line":134,"column":0},"end":{"line":134,"column":null}},"30":{"start":{"line":139,"column":0},"end":{"line":139,"column":null}},"31":{"start":{"line":140,"column":0},"end":{"line":140,"column":null}},"32":{"start":{"line":141,"column":0},"end":{"line":141,"column":null}},"33":{"start":{"line":145,"column":0},"end":{"line":145,"column":null}},"34":{"start":{"line":146,"column":0},"end":{"line":146,"column":null}},"35":{"start":{"line":148,"column":0},"end":{"line":148,"column":null}},"36":{"start":{"line":149,"column":0},"end":{"line":149,"column":null}},"37":{"start":{"line":153,"column":0},"end":{"line":153,"column":null}},"38":{"start":{"line":154,"column":0},"end":{"line":154,"column":null}},"39":{"start":{"line":156,"column":0},"end":{"line":156,"column":null}},"40":{"start":{"line":157,"column":0},"end":{"line":157,"column":null}},"41":{"start":{"line":161,"column":0},"end":{"line":161,"column":null}},"42":{"start":{"line":162,"column":0},"end":{"line":162,"column":null}},"43":{"start":{"line":164,"column":0},"end":{"line":164,"column":null}}},"fnMap":{"0":{"name":"(anonymous_1)","decl":{"start":{"line":49,"column":0},"end":{"line":49,"column":null}},"loc":{"start":{"line":49,"column":0},"end":{"line":58,"column":null}}},"1":{"name":"(anonymous_2)","decl":{"start":{"line":50,"column":0},"end":{"line":50,"column":null}},"loc":{"start":{"line":50,"column":0},"end":{"line":56,"column":null}}},"2":{"name":"(anonymous_3)","decl":{"start":{"line":62,"column":0},"end":{"line":62,"column":null}},"loc":{"start":{"line":62,"column":0},"end":{"line":62,"column":null}}},"3":{"name":"(anonymous_4)","decl":{"start":{"line":65,"column":0},"end":{"line":65,"column":null}},"loc":{"start":{"line":65,"column":0},"end":{"line":69,"column":null}}},"4":{"name":"(anonymous_5)","decl":{"start":{"line":71,"column":0},"end":{"line":71,"column":null}},"loc":{"start":{"line":71,"column":0},"end":{"line":73,"column":null}}},"5":{"name":"(anonymous_6)","decl":{"start":{"line":76,"column":0},"end":{"line":76,"column":null}},"loc":{"start":{"line":76,"column":0},"end":{"line":79,"column":null}}},"6":{"name":"(anonymous_7)","decl":{"start":{"line":81,"column":0},"end":{"line":81,"column":null}},"loc":{"start":{"line":81,"column":0},"end":{"line":83,"column":null}}},"7":{"name":"(anonymous_8)","decl":{"start":{"line":85,"column":0},"end":{"line":85,"column":null}},"loc":{"start":{"line":85,"column":0},"end":{"line":91,"column":null}}},"8":{"name":"(anonymous_9)","decl":{"start":{"line":93,"column":0},"end":{"line":93,"column":null}},"loc":{"start":{"line":93,"column":0},"end":{"line":97,"column":null}}},"9":{"name":"(anonymous_10)","decl":{"start":{"line":94,"column":0},"end":{"line":94,"column":null}},"loc":{"start":{"line":94,"column":0},"end":{"line":96,"column":null}}},"10":{"name":"(anonymous_11)","decl":{"start":{"line":99,"column":0},"end":{"line":99,"column":null}},"loc":{"start":{"line":99,"column":0},"end":{"line":111,"column":null}}},"11":{"name":"(anonymous_12)","decl":{"start":{"line":107,"column":0},"end":{"line":107,"column":null}},"loc":{"start":{"line":107,"column":0},"end":{"line":107,"column":null}}},"12":{"name":"(anonymous_13)","decl":{"start":{"line":113,"column":0},"end":{"line":113,"column":null}},"loc":{"start":{"line":113,"column":0},"end":{"line":118,"column":null}}},"13":{"name":"(anonymous_14)","decl":{"start":{"line":120,"column":0},"end":{"line":120,"column":null}},"loc":{"start":{"line":120,"column":0},"end":{"line":125,"column":null}}},"14":{"name":"(anonymous_15)","decl":{"start":{"line":127,"column":0},"end":{"line":127,"column":null}},"loc":{"start":{"line":127,"column":0},"end":{"line":135,"column":null}}},"15":{"name":"(anonymous_16)","decl":{"start":{"line":131,"column":0},"end":{"line":131,"column":null}},"loc":{"start":{"line":131,"column":0},"end":{"line":131,"column":null}}},"16":{"name":"(anonymous_17)","decl":{"start":{"line":137,"column":0},"end":{"line":137,"column":null}},"loc":{"start":{"line":137,"column":0},"end":{"line":142,"column":null}}},"17":{"name":"(anonymous_18)","decl":{"start":{"line":144,"column":0},"end":{"line":144,"column":null}},"loc":{"start":{"line":144,"column":0},"end":{"line":150,"column":null}}},"18":{"name":"(anonymous_19)","decl":{"start":{"line":152,"column":0},"end":{"line":152,"column":null}},"loc":{"start":{"line":152,"column":0},"end":{"line":158,"column":null}}},"19":{"name":"(anonymous_20)","decl":{"start":{"line":160,"column":0},"end":{"line":160,"column":null}},"loc":{"start":{"line":160,"column":0},"end":{"line":165,"column":null}}}},"branchMap":{"0":{"loc":{"start":{"line":52,"column":0},"end":{"line":52,"column":null}},"type":"binary-expr","locations":[{"start":{"line":52,"column":0},"end":{"line":52,"column":null}},{"start":{"line":52,"column":0},"end":{"line":52,"column":null}}]},"1":{"loc":{"start":{"line":77,"column":0},"end":{"line":77,"column":null}},"type":"cond-expr","locations":[{"start":{"line":77,"column":0},"end":{"line":77,"column":null}},{"start":{"line":77,"column":0},"end":{"line":77,"column":null}}]},"2":{"loc":{"start":{"line":86,"column":0},"end":{"line":86,"column":null}},"type":"if","locations":[{"start":{"line":86,"column":0},"end":{"line":86,"column":null}},{"start":{"line":86,"column":0},"end":{"line":86,"column":null}}]},"3":{"loc":{"start":{"line":95,"column":0},"end":{"line":95,"column":null}},"type":"if","locations":[{"start":{"line":95,"column":0},"end":{"line":95,"column":null}},{"start":{"line":95,"column":0},"end":{"line":95,"column":null}}]},"4":{"loc":{"start":{"line":100,"column":0},"end":{"line":100,"column":null}},"type":"if","locations":[{"start":{"line":100,"column":0},"end":{"line":100,"column":null}},{"start":{"line":100,"column":0},"end":{"line":100,"column":null}}]},"5":{"loc":{"start":{"line":106,"column":0},"end":{"line":110,"column":null}},"type":"if","locations":[{"start":{"line":106,"column":0},"end":{"line":110,"column":null}},{"start":{"line":106,"column":0},"end":{"line":110,"column":null}}]},"6":{"loc":{"start":{"line":109,"column":0},"end":{"line":109,"column":null}},"type":"if","locations":[{"start":{"line":109,"column":0},"end":{"line":109,"column":null}},{"start":{"line":109,"column":0},"end":{"line":109,"column":null}}]},"7":{"loc":{"start":{"line":116,"column":0},"end":{"line":116,"column":null}},"type":"if","locations":[{"start":{"line":116,"column":0},"end":{"line":116,"column":null}},{"start":{"line":116,"column":0},"end":{"line":116,"column":null}}]},"8":{"loc":{"start":{"line":121,"column":0},"end":{"line":121,"column":null}},"type":"if","locations":[{"start":{"line":121,"column":0},"end":{"line":121,"column":null}},{"start":{"line":121,"column":0},"end":{"line":121,"column":null}}]},"9":{"loc":{"start":{"line":124,"column":0},"end":{"line":124,"column":null}},"type":"if","locations":[{"start":{"line":124,"column":0},"end":{"line":124,"column":null}},{"start":{"line":124,"column":0},"end":{"line":124,"column":null}}]},"10":{"loc":{"start":{"line":129,"column":0},"end":{"line":133,"column":null}},"type":"if","locations":[{"start":{"line":129,"column":0},"end":{"line":133,"column":null}},{"start":{"line":129,"column":0},"end":{"line":133,"column":null}}]},"11":{"loc":{"start":{"line":139,"column":0},"end":{"line":139,"column":null}},"type":"if","locations":[{"start":{"line":139,"column":0},"end":{"line":139,"column":null}},{"start":{"line":139,"column":0},"end":{"line":139,"column":null}}]},"12":{"loc":{"start":{"line":145,"column":0},"end":{"line":145,"column":null}},"type":"if","locations":[{"start":{"line":145,"column":0},"end":{"line":145,"column":null}},{"start":{"line":145,"column":0},"end":{"line":145,"column":null}}]},"13":{"loc":{"start":{"line":146,"column":0},"end":{"line":146,"column":null}},"type":"if","locations":[{"start":{"line":146,"column":0},"end":{"line":146,"column":null}},{"start":{"line":146,"column":0},"end":{"line":146,"column":null}}]},"14":{"loc":{"start":{"line":154,"column":0},"end":{"line":154,"column":null}},"type":"if","locations":[{"start":{"line":154,"column":0},"end":{"line":154,"column":null}},{"start":{"line":154,"column":0},"end":{"line":154,"column":null}}]},"15":{"loc":{"start":{"line":164,"column":0},"end":{"line":164,"column":null}},"type":"if","locations":[{"start":{"line":164,"column":0},"end":{"line":164,"column":null}},{"start":{"line":164,"column":0},"end":{"line":164,"column":null}}]}},"s":{"0":2,"1":2,"2":2,"3":3,"4":14,"5":1,"6":1,"7":12,"8":12,"9":12,"10":24,"11":1,"12":0,"13":3,"14":1,"15":1,"16":1,"17":1,"18":1,"19":0,"20":0,"21":0,"22":0,"23":48,"24":48,"25":12,"26":12,"27":6,"28":6,"29":12,"30":0,"31":0,"32":0,"33":12,"34":24,"35":0,"36":0,"37":0,"38":0,"39":0,"40":0,"41":2,"42":2,"43":3},"f":{"0":3,"1":14,"2":0,"3":1,"4":1,"5":12,"6":12,"7":12,"8":1,"9":0,"10":2,"11":0,"12":0,"13":24,"14":12,"15":0,"16":0,"17":12,"18":0,"19":2},"b":{"0":[14,14],"1":[0,12],"2":[24,12],"3":[0,0],"4":[1,1],"5":[1,0],"6":[0,0],"7":[0,0],"8":[24,24],"9":[24,0],"10":[6,6],"11":[0,0],"12":[0,12],"13":[12,0],"14":[0,0],"15":[1,1]}}
,"/Users/paulocalixto/Documents/Projetos/bexs-front-end-exam/test/src/components/molecules/InputGroup/InputGroup.vue": {"path":"/Users/paulocalixto/Documents/Projetos/bexs-front-end-exam/test/src/components/molecules/InputGroup/InputGroup.vue","statementMap":{"0":{"start":{"line":26,"column":0},"end":{"line":26,"column":null}},"1":{"start":{"line":61,"column":0},"end":{"line":61,"column":null}},"2":{"start":{"line":68,"column":0},"end":{"line":68,"column":null}},"3":{"start":{"line":71,"column":0},"end":{"line":73,"column":null}},"4":{"start":{"line":77,"column":0},"end":{"line":77,"column":null}},"5":{"start":{"line":85,"column":0},"end":{"line":85,"column":null}},"6":{"start":{"line":89,"column":0},"end":{"line":89,"column":null}},"7":{"start":{"line":90,"column":0},"end":{"line":90,"column":null}},"8":{"start":{"line":94,"column":0},"end":{"line":94,"column":null}},"9":{"start":{"line":95,"column":0},"end":{"line":95,"column":null}},"10":{"start":{"line":96,"column":0},"end":{"line":96,"column":null}},"11":{"start":{"line":100,"column":0},"end":{"line":100,"column":null}},"12":{"start":{"line":104,"column":0},"end":{"line":104,"column":null}},"13":{"start":{"line":108,"column":0},"end":{"line":108,"column":null}},"14":{"start":{"line":109,"column":0},"end":{"line":109,"column":null}},"15":{"start":{"line":111,"column":0},"end":{"line":111,"column":null}},"16":{"start":{"line":112,"column":0},"end":{"line":112,"column":null}},"17":{"start":{"line":119,"column":0},"end":{"line":119,"column":null}}},"fnMap":{"0":{"name":"(anonymous_1)","decl":{"start":{"line":60,"column":0},"end":{"line":60,"column":null}},"loc":{"start":{"line":60,"column":0},"end":{"line":65,"column":null}}},"1":{"name":"(anonymous_2)","decl":{"start":{"line":67,"column":0},"end":{"line":67,"column":null}},"loc":{"start":{"line":67,"column":0},"end":{"line":69,"column":null}}},"2":{"name":"(anonymous_3)","decl":{"start":{"line":70,"column":0},"end":{"line":70,"column":null}},"loc":{"start":{"line":70,"column":0},"end":{"line":75,"column":null}}},"3":{"name":"(anonymous_4)","decl":{"start":{"line":76,"column":0},"end":{"line":76,"column":null}},"loc":{"start":{"line":76,"column":0},"end":{"line":80,"column":null}}},"4":{"name":"(anonymous_5)","decl":{"start":{"line":84,"column":0},"end":{"line":84,"column":null}},"loc":{"start":{"line":84,"column":0},"end":{"line":86,"column":null}}},"5":{"name":"(anonymous_6)","decl":{"start":{"line":88,"column":0},"end":{"line":88,"column":null}},"loc":{"start":{"line":88,"column":0},"end":{"line":91,"column":null}}},"6":{"name":"(anonymous_7)","decl":{"start":{"line":93,"column":0},"end":{"line":93,"column":null}},"loc":{"start":{"line":93,"column":0},"end":{"line":97,"column":null}}},"7":{"name":"(anonymous_8)","decl":{"start":{"line":99,"column":0},"end":{"line":99,"column":null}},"loc":{"start":{"line":99,"column":0},"end":{"line":101,"column":null}}},"8":{"name":"(anonymous_9)","decl":{"start":{"line":103,"column":0},"end":{"line":103,"column":null}},"loc":{"start":{"line":103,"column":0},"end":{"line":105,"column":null}}},"9":{"name":"(anonymous_10)","decl":{"start":{"line":107,"column":0},"end":{"line":107,"column":null}},"loc":{"start":{"line":107,"column":0},"end":{"line":116,"column":null}}},"10":{"name":"(anonymous_11)","decl":{"start":{"line":112,"column":0},"end":{"line":112,"column":null}},"loc":{"start":{"line":112,"column":0},"end":{"line":112,"column":null}}},"11":{"name":"(anonymous_12)","decl":{"start":{"line":118,"column":0},"end":{"line":118,"column":null}},"loc":{"start":{"line":118,"column":0},"end":{"line":120,"column":null}}}},"branchMap":{"0":{"loc":{"start":{"line":73,"column":0},"end":{"line":73,"column":null}},"type":"binary-expr","locations":[{"start":{"line":73,"column":0},"end":{"line":73,"column":null}},{"start":{"line":73,"column":0},"end":{"line":73,"column":null}}]},"1":{"loc":{"start":{"line":77,"column":0},"end":{"line":77,"column":null}},"type":"cond-expr","locations":[{"start":{"line":77,"column":0},"end":{"line":77,"column":null}},{"start":{"line":77,"column":0},"end":{"line":77,"column":null}}]},"2":{"loc":{"start":{"line":94,"column":0},"end":{"line":94,"column":null}},"type":"cond-expr","locations":[{"start":{"line":94,"column":0},"end":{"line":94,"column":null}},{"start":{"line":94,"column":0},"end":{"line":94,"column":null}}]},"3":{"loc":{"start":{"line":95,"column":0},"end":{"line":95,"column":null}},"type":"cond-expr","locations":[{"start":{"line":95,"column":0},"end":{"line":95,"column":null}},{"start":{"line":95,"column":0},"end":{"line":95,"column":null}}]},"4":{"loc":{"start":{"line":96,"column":0},"end":{"line":96,"column":null}},"type":"if","locations":[{"start":{"line":96,"column":0},"end":{"line":96,"column":null}},{"start":{"line":96,"column":0},"end":{"line":96,"column":null}}]},"5":{"loc":{"start":{"line":108,"column":0},"end":{"line":108,"column":null}},"type":"cond-expr","locations":[{"start":{"line":108,"column":0},"end":{"line":108,"column":null}},{"start":{"line":108,"column":0},"end":{"line":108,"column":null}}]}},"s":{"0":3,"1":1,"2":1,"3":4,"4":3,"5":2,"6":1,"7":1,"8":0,"9":0,"10":0,"11":0,"12":0,"13":0,"14":0,"15":0,"16":0,"17":1},"f":{"0":1,"1":1,"2":4,"3":3,"4":2,"5":1,"6":0,"7":0,"8":0,"9":0,"10":0,"11":1},"b":{"0":[4,2],"1":[0,3],"2":[0,0],"3":[0,0],"4":[0,0],"5":[0,0]}}
,"/Users/paulocalixto/Documents/Projetos/bexs-front-end-exam/test/src/components/photons/Icon/Icon.vue": {"path":"/Users/paulocalixto/Documents/Projetos/bexs-front-end-exam/test/src/components/photons/Icon/Icon.vue","statementMap":{"0":{"start":{"line":20,"column":0},"end":{"line":20,"column":null}}},"fnMap":{"0":{"name":"(anonymous_1)","decl":{"start":{"line":19,"column":0},"end":{"line":19,"column":null}},"loc":{"start":{"line":19,"column":0},"end":{"line":21,"column":null}}}},"branchMap":{},"s":{"0":1},"f":{"0":1},"b":{}}
,"/Users/paulocalixto/Documents/Projetos/bexs-front-end-exam/test/src/store/modules/userAgent/actions.userAgent.js": {"path":"/Users/paulocalixto/Documents/Projetos/bexs-front-end-exam/test/src/store/modules/userAgent/actions.userAgent.js","statementMap":{"0":{"start":{"line":3,"column":4},"end":{"line":3,"column":47}}},"fnMap":{"0":{"name":"(anonymous_0)","decl":{"start":{"line":2,"column":2},"end":{"line":2,"column":3}},"loc":{"start":{"line":2,"column":42},"end":{"line":4,"column":3}},"line":2}},"branchMap":{},"s":{"0":1},"f":{"0":1},"b":{},"_coverageSchema":"43e27e138ebf9cfc5966b082cf9a028302ed4184","hash":"95a0b64e865c16643dbabd7407e92969ca963453"}
,"/Users/paulocalixto/Documents/Projetos/bexs-front-end-exam/test/src/store/modules/userAgent/getters.userAgent.js": {"path":"/Users/paulocalixto/Documents/Projetos/bexs-front-end-exam/test/src/store/modules/userAgent/getters.userAgent.js","statementMap":{"0":{"start":{"line":1,"column":22},"end":{"line":4,"column":1}},"1":{"start":{"line":2,"column":10},"end":{"line":2,"column":23}},"2":{"start":{"line":3,"column":2},"end":{"line":3,"column":44}},"3":{"start":{"line":8,"column":4},"end":{"line":8,"column":36}},"4":{"start":{"line":11,"column":4},"end":{"line":11,"column":35}},"5":{"start":{"line":14,"column":4},"end":{"line":20,"column":5}},"6":{"start":{"line":15,"column":15},"end":{"line":17,"column":7}},"7":{"start":{"line":19,"column":6},"end":{"line":19,"column":23}},"8":{"start":{"line":21,"column":4},"end":{"line":21,"column":16}},"9":{"start":{"line":24,"column":4},"end":{"line":28,"column":5}},"10":{"start":{"line":25,"column":6},"end":{"line":27,"column":7}},"11":{"start":{"line":26,"column":8},"end":{"line":26,"column":36}},"12":{"start":{"line":32,"column":18},"end":{"line":32,"column":70}},"13":{"start":{"line":33,"column":4},"end":{"line":35,"column":5}},"14":{"start":{"line":34,"column":6},"end":{"line":34,"column":20}},"15":{"start":{"line":37,"column":4},"end":{"line":41,"column":5}},"16":{"start":{"line":38,"column":6},"end":{"line":40,"column":7}},"17":{"start":{"line":39,"column":8},"end":{"line":39,"column":66}},"18":{"start":{"line":45,"column":17},"end":{"line":45,"column":26}},"19":{"start":{"line":46,"column":4},"end":{"line":73,"column":5}},"20":{"start":{"line":53,"column":8},"end":{"line":53,"column":22}},"21":{"start":{"line":54,"column":8},"end":{"line":54,"column":13}},"22":{"start":{"line":59,"column":8},"end":{"line":59,"column":22}},"23":{"start":{"line":60,"column":8},"end":{"line":60,"column":13}},"24":{"start":{"line":62,"column":8},"end":{"line":62,"column":26}},"25":{"start":{"line":63,"column":8},"end":{"line":63,"column":13}},"26":{"start":{"line":68,"column":8},"end":{"line":68,"column":26}},"27":{"start":{"line":69,"column":8},"end":{"line":69,"column":13}},"28":{"start":{"line":71,"column":8},"end":{"line":71,"column":29}},"29":{"start":{"line":72,"column":8},"end":{"line":72,"column":13}},"30":{"start":{"line":75,"column":4},"end":{"line":81,"column":5}},"31":{"start":{"line":76,"column":6},"end":{"line":76,"column":24}},"32":{"start":{"line":77,"column":11},"end":{"line":81,"column":5}},"33":{"start":{"line":78,"column":6},"end":{"line":78,"column":22}},"34":{"start":{"line":79,"column":11},"end":{"line":81,"column":5}},"35":{"start":{"line":80,"column":6},"end":{"line":80,"column":24}},"36":{"start":{"line":83,"column":4},"end":{"line":83,"column":17}},"37":{"start":{"line":87,"column":16},"end":{"line":87,"column":54}},"38":{"start":{"line":89,"column":4},"end":{"line":93,"column":5}},"39":{"start":{"line":90,"column":6},"end":{"line":90,"column":24}},"40":{"start":{"line":92,"column":6},"end":{"line":92,"column":23}},"41":{"start":{"line":97,"column":4},"end":{"line":101,"column":5}},"42":{"start":{"line":105,"column":4},"end":{"line":107,"column":5}},"43":{"start":{"line":110,"column":4},"end":{"line":114,"column":5}},"44":{"start":{"line":117,"column":4},"end":{"line":117,"column":49}}},"fnMap":{"0":{"name":"(anonymous_0)","decl":{"start":{"line":1,"column":22},"end":{"line":1,"column":23}},"loc":{"start":{"line":1,"column":35},"end":{"line":4,"column":1}},"line":1},"1":{"name":"(anonymous_1)","decl":{"start":{"line":7,"column":2},"end":{"line":7,"column":3}},"loc":{"start":{"line":7,"column":7},"end":{"line":9,"column":3}},"line":7},"2":{"name":"(anonymous_2)","decl":{"start":{"line":10,"column":2},"end":{"line":10,"column":3}},"loc":{"start":{"line":10,"column":13},"end":{"line":12,"column":3}},"line":10},"3":{"name":"(anonymous_3)","decl":{"start":{"line":13,"column":2},"end":{"line":13,"column":3}},"loc":{"start":{"line":13,"column":13},"end":{"line":22,"column":3}},"line":13},"4":{"name":"(anonymous_4)","decl":{"start":{"line":23,"column":2},"end":{"line":23,"column":3}},"loc":{"start":{"line":23,"column":30},"end":{"line":29,"column":3}},"line":23},"5":{"name":"(anonymous_5)","decl":{"start":{"line":31,"column":2},"end":{"line":31,"column":3}},"loc":{"start":{"line":31,"column":33},"end":{"line":42,"column":3}},"line":31},"6":{"name":"(anonymous_6)","decl":{"start":{"line":44,"column":2},"end":{"line":44,"column":3}},"loc":{"start":{"line":44,"column":7},"end":{"line":84,"column":3}},"line":44},"7":{"name":"(anonymous_7)","decl":{"start":{"line":86,"column":2},"end":{"line":86,"column":3}},"loc":{"start":{"line":86,"column":16},"end":{"line":94,"column":3}},"line":86},"8":{"name":"(anonymous_8)","decl":{"start":{"line":96,"column":2},"end":{"line":96,"column":3}},"loc":{"start":{"line":96,"column":18},"end":{"line":102,"column":3}},"line":96},"9":{"name":"(anonymous_9)","decl":{"start":{"line":104,"column":2},"end":{"line":104,"column":3}},"loc":{"start":{"line":104,"column":27},"end":{"line":108,"column":3}},"line":104},"10":{"name":"(anonymous_10)","decl":{"start":{"line":109,"column":2},"end":{"line":109,"column":3}},"loc":{"start":{"line":109,"column":27},"end":{"line":115,"column":3}},"line":109},"11":{"name":"(anonymous_11)","decl":{"start":{"line":116,"column":2},"end":{"line":116,"column":3}},"loc":{"start":{"line":116,"column":28},"end":{"line":118,"column":3}},"line":116}},"branchMap":{"0":{"loc":{"start":{"line":3,"column":9},"end":{"line":3,"column":44}},"type":"binary-expr","locations":[{"start":{"line":3,"column":10},"end":{"line":3,"column":11}},{"start":{"line":3,"column":15},"end":{"line":3,"column":27}},{"start":{"line":3,"column":31},"end":{"line":3,"column":35}},{"start":{"line":3,"column":40},"end":{"line":3,"column":44}}],"line":3},"1":{"loc":{"start":{"line":8,"column":11},"end":{"line":8,"column":36}},"type":"binary-expr","locations":[{"start":{"line":8,"column":11},"end":{"line":8,"column":30}},{"start":{"line":8,"column":34},"end":{"line":8,"column":36}}],"line":8},"2":{"loc":{"start":{"line":11,"column":11},"end":{"line":11,"column":35}},"type":"binary-expr","locations":[{"start":{"line":11,"column":11},"end":{"line":11,"column":29}},{"start":{"line":11,"column":33},"end":{"line":11,"column":35}}],"line":11},"3":{"loc":{"start":{"line":14,"column":4},"end":{"line":20,"column":5}},"type":"if","locations":[{"start":{"line":14,"column":4},"end":{"line":20,"column":5}},{"start":{"line":14,"column":4},"end":{"line":20,"column":5}}],"line":14},"4":{"loc":{"start":{"line":25,"column":6},"end":{"line":27,"column":7}},"type":"if","locations":[{"start":{"line":25,"column":6},"end":{"line":27,"column":7}},{"start":{"line":25,"column":6},"end":{"line":27,"column":7}}],"line":25},"5":{"loc":{"start":{"line":33,"column":4},"end":{"line":35,"column":5}},"type":"if","locations":[{"start":{"line":33,"column":4},"end":{"line":35,"column":5}},{"start":{"line":33,"column":4},"end":{"line":35,"column":5}}],"line":33},"6":{"loc":{"start":{"line":38,"column":6},"end":{"line":40,"column":7}},"type":"if","locations":[{"start":{"line":38,"column":6},"end":{"line":40,"column":7}},{"start":{"line":38,"column":6},"end":{"line":40,"column":7}}],"line":38},"7":{"loc":{"start":{"line":46,"column":4},"end":{"line":73,"column":5}},"type":"switch","locations":[{"start":{"line":47,"column":6},"end":{"line":47,"column":20}},{"start":{"line":48,"column":6},"end":{"line":48,"column":18}},{"start":{"line":49,"column":6},"end":{"line":49,"column":18}},{"start":{"line":50,"column":6},"end":{"line":50,"column":30}},{"start":{"line":51,"column":6},"end":{"line":51,"column":28}},{"start":{"line":52,"column":6},"end":{"line":54,"column":13}},{"start":{"line":55,"column":6},"end":{"line":55,"column":23}},{"start":{"line":56,"column":6},"end":{"line":56,"column":22}},{"start":{"line":57,"column":6},"end":{"line":57,"column":20}},{"start":{"line":58,"column":6},"end":{"line":60,"column":13}},{"start":{"line":61,"column":6},"end":{"line":63,"column":13}},{"start":{"line":64,"column":6},"end":{"line":64,"column":18}},{"start":{"line":65,"column":6},"end":{"line":65,"column":19}},{"start":{"line":66,"column":6},"end":{"line":66,"column":23}},{"start":{"line":67,"column":6},"end":{"line":69,"column":13}},{"start":{"line":70,"column":6},"end":{"line":72,"column":13}}],"line":46},"8":{"loc":{"start":{"line":75,"column":4},"end":{"line":81,"column":5}},"type":"if","locations":[{"start":{"line":75,"column":4},"end":{"line":81,"column":5}},{"start":{"line":75,"column":4},"end":{"line":81,"column":5}}],"line":75},"9":{"loc":{"start":{"line":77,"column":11},"end":{"line":81,"column":5}},"type":"if","locations":[{"start":{"line":77,"column":11},"end":{"line":81,"column":5}},{"start":{"line":77,"column":11},"end":{"line":81,"column":5}}],"line":77},"10":{"loc":{"start":{"line":79,"column":11},"end":{"line":81,"column":5}},"type":"if","locations":[{"start":{"line":79,"column":11},"end":{"line":81,"column":5}},{"start":{"line":79,"column":11},"end":{"line":81,"column":5}}],"line":79},"11":{"loc":{"start":{"line":89,"column":4},"end":{"line":93,"column":5}},"type":"if","locations":[{"start":{"line":89,"column":4},"end":{"line":93,"column":5}},{"start":{"line":89,"column":4},"end":{"line":93,"column":5}}],"line":89},"12":{"loc":{"start":{"line":89,"column":8},"end":{"line":89,"column":61}},"type":"binary-expr","locations":[{"start":{"line":89,"column":8},"end":{"line":89,"column":46}},{"start":{"line":89,"column":50},"end":{"line":89,"column":61}}],"line":89},"13":{"loc":{"start":{"line":98,"column":6},"end":{"line":100,"column":36}},"type":"binary-expr","locations":[{"start":{"line":98,"column":6},"end":{"line":98,"column":34}},{"start":{"line":99,"column":6},"end":{"line":99,"column":34}},{"start":{"line":100,"column":6},"end":{"line":100,"column":36}}],"line":98},"14":{"loc":{"start":{"line":111,"column":6},"end":{"line":113,"column":34}},"type":"binary-expr","locations":[{"start":{"line":111,"column":7},"end":{"line":111,"column":24}},{"start":{"line":112,"column":8},"end":{"line":112,"column":58}},{"start":{"line":113,"column":6},"end":{"line":113,"column":34}}],"line":111},"15":{"loc":{"start":{"line":117,"column":11},"end":{"line":117,"column":49}},"type":"binary-expr","locations":[{"start":{"line":117,"column":11},"end":{"line":117,"column":28}},{"start":{"line":117,"column":32},"end":{"line":117,"column":49}}],"line":117}},"s":{"0":1,"1":0,"2":0,"3":1,"4":1,"5":2,"6":1,"7":1,"8":1,"9":1,"10":14,"11":0,"12":0,"13":0,"14":0,"15":0,"16":0,"17":0,"18":19,"19":19,"20":6,"21":6,"22":4,"23":4,"24":1,"25":1,"26":4,"27":4,"28":1,"29":1,"30":19,"31":1,"32":18,"33":1,"34":17,"35":1,"36":19,"37":3,"38":3,"39":1,"40":2,"41":1,"42":1,"43":1,"44":1},"f":{"0":0,"1":1,"2":1,"3":2,"4":1,"5":0,"6":19,"7":3,"8":1,"9":1,"10":1,"11":1},"b":{"0":[0,0,0,0],"1":[1,0],"2":[1,1],"3":[1,1],"4":[0,14],"5":[0,0],"6":[0,0],"7":[1,2,3,4,5,6,1,2,3,4,1,1,2,3,4,1],"8":[1,18],"9":[1,17],"10":[1,16],"11":[1,2],"12":[3,1],"13":[1,1,1],"14":[1,0,1],"15":[1,0]},"_coverageSchema":"43e27e138ebf9cfc5966b082cf9a028302ed4184","hash":"242550c2c5cb4423107bcdf57a7130dd29058470"}
,"/Users/paulocalixto/Documents/Projetos/bexs-front-end-exam/test/src/store/modules/userAgent/mutations.userAgent.js": {"path":"/Users/paulocalixto/Documents/Projetos/bexs-front-end-exam/test/src/store/modules/userAgent/mutations.userAgent.js","statementMap":{"0":{"start":{"line":3,"column":4},"end":{"line":3,"column":28}}},"fnMap":{"0":{"name":"(anonymous_0)","decl":{"start":{"line":2,"column":2},"end":{"line":2,"column":3}},"loc":{"start":{"line":2,"column":43},"end":{"line":4,"column":3}},"line":2}},"branchMap":{},"s":{"0":2},"f":{"0":2},"b":{},"_coverageSchema":"43e27e138ebf9cfc5966b082cf9a028302ed4184","hash":"7f01a45d83dc78adffa73ac803143868d1783a8e"}
,"/Users/paulocalixto/Documents/Projetos/bexs-front-end-exam/test/src/views/payment/Payment.vue": {"path":"/Users/paulocalixto/Documents/Projetos/bexs-front-end-exam/test/src/views/payment/Payment.vue","statementMap":{"0":{"start":{"line":39,"column":0},"end":{"line":39,"column":null}},"1":{"start":{"line":45,"column":0},"end":{"line":45,"column":null}},"2":{"start":{"line":46,"column":0},"end":{"line":46,"column":null}},"3":{"start":{"line":47,"column":0},"end":{"line":47,"column":null}},"4":{"start":{"line":48,"column":0},"end":{"line":48,"column":null}},"5":{"start":{"line":49,"column":0},"end":{"line":49,"column":null}},"6":{"start":{"line":61,"column":0},"end":{"line":61,"column":null}},"7":{"start":{"line":80,"column":0},"end":{"line":80,"column":null}},"8":{"start":{"line":87,"column":0},"end":{"line":87,"column":null}}},"fnMap":{"0":{"name":"(anonymous_1)","decl":{"start":{"line":60,"column":0},"end":{"line":60,"column":null}},"loc":{"start":{"line":60,"column":0},"end":{"line":75,"column":null}}},"1":{"name":"(anonymous_2)","decl":{"start":{"line":79,"column":0},"end":{"line":79,"column":null}},"loc":{"start":{"line":79,"column":0},"end":{"line":84,"column":null}}},"2":{"name":"(anonymous_3)","decl":{"start":{"line":86,"column":0},"end":{"line":86,"column":null}},"loc":{"start":{"line":86,"column":0},"end":{"line":95,"column":null}}},"3":{"name":"(anonymous_4)","decl":{"start":{"line":87,"column":0},"end":{"line":87,"column":null}},"loc":{"start":{"line":87,"column":0},"end":{"line":87,"column":null}}}},"branchMap":{"0":{"loc":{"start":{"line":80,"column":0},"end":{"line":80,"column":null}},"type":"cond-expr","locations":[{"start":{"line":80,"column":0},"end":{"line":80,"column":null}},{"start":{"line":80,"column":0},"end":{"line":80,"column":null}}]}},"s":{"0":1,"1":1,"2":1,"3":1,"4":1,"5":1,"6":1,"7":2,"8":0},"f":{"0":1,"1":2,"2":0,"3":0},"b":{"0":[1,1]}}
}
