TN:
SF:/Users/paulocalixto/Documents/Projetos/bexs-front-end-exam/test/src/components/atoms/BaseBackButton/BaseBackButton.vue
FN:22,(anonymous_1)
FN:35,(anonymous_2)
FN:43,(anonymous_3)
FNF:3
FNH:3
FNDA:3,(anonymous_1)
FNDA:1,(anonymous_2)
FNDA:1,(anonymous_3)
DA:22,3
DA:36,1
DA:44,1
LF:3
LH:3
BRF:0
BRH:0
end_of_record
TN:
SF:/Users/paulocalixto/Documents/Projetos/bexs-front-end-exam/test/src/components/atoms/BaseButton/BaseButton.vue
FN:23,(anonymous_1)
FN:36,(anonymous_2)
FNF:2
FNH:2
FNDA:4,(anonymous_1)
FNDA:1,(anonymous_2)
DA:23,4
DA:37,1
LF:2
LH:2
BRF:0
BRH:0
end_of_record
TN:
SF:/Users/paulocalixto/Documents/Projetos/bexs-front-end-exam/test/src/components/atoms/BaseCreditCard/BaseCreditCard.vue
FN:66,(anonymous_1)
FN:73,(anonymous_2)
FN:76,(anonymous_3)
FN:79,(anonymous_4)
FN:82,(anonymous_5)
FN:87,(anonymous_6)
FN:90,(anonymous_7)
FN:95,(anonymous_8)
FN:99,(anonymous_9)
FN:102,(anonymous_10)
FN:114,(anonymous_11)
FN:123,(anonymous_12)
FN:127,(anonymous_13)
FN:131,(anonymous_14)
FN:139,(anonymous_15)
FN:142,(anonymous_16)
FN:145,(anonymous_17)
FN:146,(anonymous_18)
FNF:18
FNH:18
FNDA:14,(anonymous_1)
FNDA:1,(anonymous_2)
FNDA:2,(anonymous_3)
FNDA:1,(anonymous_4)
FNDA:2,(anonymous_5)
FNDA:15,(anonymous_6)
FNDA:16,(anonymous_7)
FNDA:15,(anonymous_8)
FNDA:1,(anonymous_9)
FNDA:16,(anonymous_10)
FNDA:16,(anonymous_11)
FNDA:1,(anonymous_12)
FNDA:14,(anonymous_13)
FNDA:16,(anonymous_14)
FNDA:14,(anonymous_15)
FNDA:48,(anonymous_16)
FNDA:4,(anonymous_17)
FNDA:4,(anonymous_18)
DA:37,3
DA:38,3
DA:39,3
DA:40,3
DA:67,14
DA:74,1
DA:77,2
DA:80,1
DA:83,2
DA:88,15
DA:91,16
DA:96,15
DA:97,15
DA:100,1
DA:103,30
DA:105,2
DA:107,2
DA:108,2
DA:109,2
DA:110,2
DA:112,2
DA:115,30
DA:117,2
DA:119,2
DA:121,2
DA:124,1
DA:128,14
DA:132,16
DA:140,14
DA:143,48
DA:146,4
DA:147,4
DA:163,4
LF:33
LH:33
BRDA:91,0,0,1
BRDA:91,0,1,15
BRDA:103,1,0,14
BRDA:103,1,1,2
BRDA:115,2,0,14
BRDA:115,2,1,2
BRDA:135,3,0,15
BRDA:135,3,1,1
BRDA:142,4,0,20
BRF:9
BRH:9
end_of_record
TN:
SF:/Users/paulocalixto/Documents/Projetos/bexs-front-end-exam/test/src/components/atoms/BaseHeading/BaseHeading.vue
FN:24,(anonymous_1)
FNF:1
FNH:1
FNDA:1,(anonymous_1)
DA:25,1
LF:1
LH:1
BRF:0
BRH:0
end_of_record
TN:
SF:/Users/paulocalixto/Documents/Projetos/bexs-front-end-exam/test/src/components/atoms/BaseSelect/BaseSelect.vue
FN:65,(anonymous_1)
FN:86,(anonymous_3)
FN:98,(anonymous_4)
FN:102,(anonymous_5)
FN:108,(anonymous_6)
FN:115,(anonymous_7)
FN:120,(anonymous_8)
FN:127,(anonymous_9)
FN:133,(anonymous_10)
FNF:9
FNH:9
FNDA:10,(anonymous_1)
FNDA:2,(anonymous_3)
FNDA:2,(anonymous_4)
FNDA:7,(anonymous_5)
FNDA:4,(anonymous_6)
FNDA:4,(anonymous_7)
FNDA:3,(anonymous_8)
FNDA:3,(anonymous_9)
FNDA:3,(anonymous_10)
DA:53,3
DA:65,2
DA:67,8
DA:87,2
DA:99,2
DA:103,7
DA:109,5
DA:116,5
DA:117,3
DA:121,3
DA:122,3
DA:123,3
DA:124,3
DA:128,3
DA:129,3
DA:130,3
DA:134,5
DA:136,1
DA:137,1
DA:138,1
LF:20
LH:20
BRDA:67,0,0,8
BRDA:67,0,1,8
BRDA:103,1,0,7
BRDA:103,1,1,2
BRDA:109,2,0,1
BRDA:109,2,1,3
BRDA:109,3,0,4
BRDA:109,3,1,3
BRDA:116,4,0,1
BRDA:116,4,1,3
BRDA:117,5,0,1
BRDA:117,5,1,2
BRDA:134,6,0,2
BRDA:134,6,1,1
BRF:14
BRH:14
end_of_record
TN:
SF:/Users/paulocalixto/Documents/Projetos/bexs-front-end-exam/test/src/components/atoms/BaseSteps/BaseSteps.vue
FN:28,(anonymous_1)
FN:29,(anonymous_2)
FN:31,(anonymous_3)
FNF:3
FNH:3
FNDA:1,(anonymous_1)
FNDA:3,(anonymous_2)
FNDA:1,(anonymous_3)
DA:29,4
DA:32,1
LF:2
LH:2
BRF:0
BRH:0
end_of_record
TN:
SF:/Users/paulocalixto/Documents/Projetos/bexs-front-end-exam/test/src/components/molecules/DynamicForm/DynamicForm.vue
FN:49,(anonymous_1)
FN:50,(anonymous_2)
FN:62,(anonymous_3)
FN:65,(anonymous_4)
FN:71,(anonymous_5)
FN:76,(anonymous_6)
FN:81,(anonymous_7)
FN:85,(anonymous_8)
FN:93,(anonymous_9)
FN:94,(anonymous_10)
FN:99,(anonymous_11)
FN:107,(anonymous_12)
FN:113,(anonymous_13)
FN:120,(anonymous_14)
FN:127,(anonymous_15)
FN:131,(anonymous_16)
FN:137,(anonymous_17)
FN:144,(anonymous_18)
FN:152,(anonymous_19)
FN:160,(anonymous_20)
FNF:20
FNH:13
FNDA:3,(anonymous_1)
FNDA:14,(anonymous_2)
FNDA:0,(anonymous_3)
FNDA:1,(anonymous_4)
FNDA:1,(anonymous_5)
FNDA:12,(anonymous_6)
FNDA:12,(anonymous_7)
FNDA:12,(anonymous_8)
FNDA:1,(anonymous_9)
FNDA:0,(anonymous_10)
FNDA:2,(anonymous_11)
FNDA:0,(anonymous_12)
FNDA:0,(anonymous_13)
FNDA:24,(anonymous_14)
FNDA:12,(anonymous_15)
FNDA:0,(anonymous_16)
FNDA:0,(anonymous_17)
FNDA:12,(anonymous_18)
FNDA:0,(anonymous_19)
FNDA:2,(anonymous_20)
DA:30,2
DA:31,2
DA:32,2
DA:50,3
DA:52,14
DA:66,1
DA:72,1
DA:77,12
DA:78,12
DA:82,12
DA:86,24
DA:94,1
DA:95,0
DA:100,3
DA:102,1
DA:103,1
DA:105,1
DA:106,1
DA:107,1
DA:109,0
DA:114,0
DA:115,0
DA:116,0
DA:121,48
DA:124,48
DA:128,12
DA:129,12
DA:130,6
DA:131,6
DA:134,12
DA:139,0
DA:140,0
DA:141,0
DA:145,12
DA:146,24
DA:148,0
DA:149,0
DA:153,0
DA:154,0
DA:156,0
DA:157,0
DA:161,2
DA:162,2
DA:164,3
LF:44
LH:30
BRDA:52,0,0,14
BRDA:52,0,1,14
BRDA:77,1,0,0
BRDA:77,1,1,12
BRDA:86,2,0,24
BRDA:86,2,1,12
BRDA:95,3,0,0
BRDA:95,3,1,0
BRDA:100,4,0,1
BRDA:100,4,1,1
BRDA:106,5,0,1
BRDA:106,5,1,0
BRDA:109,6,0,0
BRDA:109,6,1,0
BRDA:116,7,0,0
BRDA:116,7,1,0
BRDA:121,8,0,24
BRDA:121,8,1,24
BRDA:124,9,0,24
BRDA:124,9,1,0
BRDA:129,10,0,6
BRDA:129,10,1,6
BRDA:139,11,0,0
BRDA:139,11,1,0
BRDA:145,12,0,0
BRDA:145,12,1,12
BRDA:146,13,0,12
BRDA:146,13,1,0
BRDA:154,14,0,0
BRDA:154,14,1,0
BRDA:164,15,0,1
BRDA:164,15,1,1
BRF:32
BRH:17
end_of_record
TN:
SF:/Users/paulocalixto/Documents/Projetos/bexs-front-end-exam/test/src/components/molecules/InputGroup/InputGroup.vue
FN:60,(anonymous_1)
FN:67,(anonymous_2)
FN:70,(anonymous_3)
FN:76,(anonymous_4)
FN:84,(anonymous_5)
FN:88,(anonymous_6)
FN:93,(anonymous_7)
FN:99,(anonymous_8)
FN:103,(anonymous_9)
FN:107,(anonymous_10)
FN:112,(anonymous_11)
FN:118,(anonymous_12)
FNF:12
FNH:7
FNDA:1,(anonymous_1)
FNDA:1,(anonymous_2)
FNDA:4,(anonymous_3)
FNDA:3,(anonymous_4)
FNDA:2,(anonymous_5)
FNDA:1,(anonymous_6)
FNDA:0,(anonymous_7)
FNDA:0,(anonymous_8)
FNDA:0,(anonymous_9)
FNDA:0,(anonymous_10)
FNDA:0,(anonymous_11)
FNDA:1,(anonymous_12)
DA:26,3
DA:61,1
DA:68,1
DA:71,4
DA:77,3
DA:85,2
DA:89,1
DA:90,1
DA:94,0
DA:95,0
DA:96,0
DA:100,0
DA:104,0
DA:108,0
DA:109,0
DA:111,0
DA:112,0
DA:119,1
LF:18
LH:9
BRDA:73,0,0,4
BRDA:73,0,1,2
BRDA:77,1,0,0
BRDA:77,1,1,3
BRDA:94,2,0,0
BRDA:94,2,1,0
BRDA:95,3,0,0
BRDA:95,3,1,0
BRDA:96,4,0,0
BRDA:96,4,1,0
BRDA:108,5,0,0
BRDA:108,5,1,0
BRF:12
BRH:3
end_of_record
TN:
SF:/Users/paulocalixto/Documents/Projetos/bexs-front-end-exam/test/src/components/photons/Icon/Icon.vue
FN:19,(anonymous_1)
FNF:1
FNH:1
FNDA:1,(anonymous_1)
DA:20,1
LF:1
LH:1
BRF:0
BRH:0
end_of_record
TN:
SF:/Users/paulocalixto/Documents/Projetos/bexs-front-end-exam/test/src/store/modules/userAgent/actions.userAgent.js
FN:2,(anonymous_0)
FNF:1
FNH:1
FNDA:1,(anonymous_0)
DA:3,1
LF:1
LH:1
BRF:0
BRH:0
end_of_record
TN:
SF:/Users/paulocalixto/Documents/Projetos/bexs-front-end-exam/test/src/store/modules/userAgent/getters.userAgent.js
FN:1,(anonymous_0)
FN:7,(anonymous_1)
FN:10,(anonymous_2)
FN:13,(anonymous_3)
FN:23,(anonymous_4)
FN:31,(anonymous_5)
FN:44,(anonymous_6)
FN:86,(anonymous_7)
FN:96,(anonymous_8)
FN:104,(anonymous_9)
FN:109,(anonymous_10)
FN:116,(anonymous_11)
FNF:12
FNH:10
FNDA:0,(anonymous_0)
FNDA:1,(anonymous_1)
FNDA:1,(anonymous_2)
FNDA:2,(anonymous_3)
FNDA:1,(anonymous_4)
FNDA:0,(anonymous_5)
FNDA:19,(anonymous_6)
FNDA:3,(anonymous_7)
FNDA:1,(anonymous_8)
FNDA:1,(anonymous_9)
FNDA:1,(anonymous_10)
FNDA:1,(anonymous_11)
DA:1,1
DA:2,0
DA:3,0
DA:8,1
DA:11,1
DA:14,2
DA:15,1
DA:19,1
DA:21,1
DA:24,1
DA:25,14
DA:26,0
DA:32,0
DA:33,0
DA:34,0
DA:37,0
DA:38,0
DA:39,0
DA:45,19
DA:46,19
DA:53,6
DA:54,6
DA:59,4
DA:60,4
DA:62,1
DA:63,1
DA:68,4
DA:69,4
DA:71,1
DA:72,1
DA:75,19
DA:76,1
DA:77,18
DA:78,1
DA:79,17
DA:80,1
DA:83,19
DA:87,3
DA:89,3
DA:90,1
DA:92,2
DA:97,1
DA:105,1
DA:110,1
DA:117,1
LF:45
LH:36
BRDA:3,0,0,0
BRDA:3,0,1,0
BRDA:3,0,2,0
BRDA:3,0,3,0
BRDA:8,1,0,1
BRDA:8,1,1,0
BRDA:11,2,0,1
BRDA:11,2,1,1
BRDA:14,3,0,1
BRDA:14,3,1,1
BRDA:25,4,0,0
BRDA:25,4,1,14
BRDA:33,5,0,0
BRDA:33,5,1,0
BRDA:38,6,0,0
BRDA:38,6,1,0
BRDA:46,7,0,1
BRDA:46,7,1,2
BRDA:46,7,2,3
BRDA:46,7,3,4
BRDA:46,7,4,5
BRDA:46,7,5,6
BRDA:46,7,6,1
BRDA:46,7,7,2
BRDA:46,7,8,3
BRDA:46,7,9,4
BRDA:46,7,10,1
BRDA:46,7,11,1
BRDA:46,7,12,2
BRDA:46,7,13,3
BRDA:46,7,14,4
BRDA:46,7,15,1
BRDA:75,8,0,1
BRDA:75,8,1,18
BRDA:77,9,0,1
BRDA:77,9,1,17
BRDA:79,10,0,1
BRDA:79,10,1,16
BRDA:89,11,0,1
BRDA:89,11,1,2
BRDA:89,12,0,3
BRDA:89,12,1,1
BRDA:98,13,0,1
BRDA:98,13,1,1
BRDA:98,13,2,1
BRDA:111,14,0,1
BRDA:111,14,1,0
BRDA:111,14,2,1
BRDA:117,15,0,1
BRDA:117,15,1,0
BRF:50
BRH:38
end_of_record
TN:
SF:/Users/paulocalixto/Documents/Projetos/bexs-front-end-exam/test/src/store/modules/userAgent/mutations.userAgent.js
FN:2,(anonymous_0)
FNF:1
FNH:1
FNDA:2,(anonymous_0)
DA:3,2
LF:1
LH:1
BRF:0
BRH:0
end_of_record
TN:
SF:/Users/paulocalixto/Documents/Projetos/bexs-front-end-exam/test/src/views/payment/Payment.vue
FN:60,(anonymous_1)
FN:79,(anonymous_2)
FN:86,(anonymous_3)
FN:87,(anonymous_4)
FNF:4
FNH:2
FNDA:1,(anonymous_1)
FNDA:2,(anonymous_2)
FNDA:0,(anonymous_3)
FNDA:0,(anonymous_4)
DA:39,1
DA:45,1
DA:46,1
DA:47,1
DA:48,1
DA:49,1
DA:61,1
DA:80,2
DA:87,0
LF:9
LH:8
BRDA:80,0,0,1
BRDA:80,0,1,1
BRF:2
BRH:2
end_of_record
